[2025-03-02 00:38:35]: Starting build for depot 3500442, content path is "C:\UnityProjects\Knightward\Builds\Demo\MacOS", build flags 0x0
[2025-03-02 00:38:35]: Building file listing for depot 3500442 ...
[2025-03-02 00:38:35]: Found 238 files for mapping: C:\UnityProjects\Knightward\Builds\Demo\MacOS * -> .
[2025-03-02 00:38:35]: Found 238 files (141 MB) for depot 3500442
[2025-03-02 00:38:36]: Building depot 3500442, baseline manifest 8904170230287817500 (243 files)
[2025-03-02 00:38:36]: Found 323 chunks ( 328 used previously ) for depot 3500442, took 0 minutes, 0 seconds
[2025-03-02 00:38:36]: Changes to baseline manifest 8904170230287817500 :
[2025-03-02 00:38:36]: Added  : "MacOS.app" 0 KB ,Flags: 64
[2025-03-02 00:38:36]: Added  : "MacOS.app\Contents" 0 KB ,Flags: 64
[2025-03-02 00:38:36]: Added  : "MacOS.app\Contents\Frameworks" 0 KB ,Flags: 64
[2025-03-02 00:38:36]: Added  : "MacOS.app\Contents\Frameworks\libmono-native.dylib" 1627 KB 
[2025-03-02 00:38:36]: Added  : "MacOS.app\Contents\Frameworks\libmonobdwgc-2.0.dylib" 6855 KB 
[2025-03-02 00:38:36]: Added  : "MacOS.app\Contents\Frameworks\libMonoPosixHelper.dylib" 554 KB 
[2025-03-02 00:38:36]: Added  : "MacOS.app\Contents\Frameworks\UnityPlayer.dylib" 58642 KB 
[2025-03-02 00:38:36]: Added  : "MacOS.app\Contents\Info.plist" 2 KB 
[2025-03-02 00:38:36]: Added  : "MacOS.app\Contents\MacOS" 0 KB ,Flags: 64
[2025-03-02 00:38:36]: Added  : "MacOS.app\Contents\MacOS\Knightward" 129 KB 
[2025-03-02 00:38:36]: Added  : "MacOS.app\Contents\MonoBleedingEdge" 0 KB ,Flags: 64
[2025-03-02 00:38:36]: Added  : "MacOS.app\Contents\MonoBleedingEdge\etc" 0 KB ,Flags: 64
[2025-03-02 00:38:36]: Added  : "MacOS.app\Contents\MonoBleedingEdge\etc\mono" 0 KB ,Flags: 64
[2025-03-02 00:38:36]: Added  : "MacOS.app\Contents\MonoBleedingEdge\etc\mono\2.0" 0 KB ,Flags: 64
[2025-03-02 00:38:36]: Added  : "MacOS.app\Contents\MonoBleedingEdge\etc\mono\2.0\Browsers" 0 KB ,Flags: 64
[2025-03-02 00:38:36]: Added  : "MacOS.app\Contents\MonoBleedingEdge\etc\mono\2.0\Browsers\Compat.browser" 2 KB 
[2025-03-02 00:38:36]: Added  : "MacOS.app\Contents\MonoBleedingEdge\etc\mono\2.0\DefaultWsdlHelpGenerator.aspx" 60 KB 
[2025-03-02 00:38:36]: Added  : "MacOS.app\Contents\MonoBleedingEdge\etc\mono\2.0\machine.config" 29 KB 
[2025-03-02 00:38:36]: Added  : "MacOS.app\Contents\MonoBleedingEdge\etc\mono\2.0\settings.map" 3 KB 
[2025-03-02 00:38:36]: Added  : "MacOS.app\Contents\MonoBleedingEdge\etc\mono\2.0\web.config" 12 KB 
[2025-03-02 00:38:36]: Added  : "MacOS.app\Contents\MonoBleedingEdge\etc\mono\4.0" 0 KB ,Flags: 64
[2025-03-02 00:38:36]: Added  : "MacOS.app\Contents\MonoBleedingEdge\etc\mono\4.0\Browsers" 0 KB ,Flags: 64
[2025-03-02 00:38:36]: Added  : "MacOS.app\Contents\MonoBleedingEdge\etc\mono\4.0\Browsers\Compat.browser" 2 KB 
[2025-03-02 00:38:36]: Added  : "MacOS.app\Contents\MonoBleedingEdge\etc\mono\4.0\DefaultWsdlHelpGenerator.aspx" 60 KB 
[2025-03-02 00:38:36]: Added  : "MacOS.app\Contents\MonoBleedingEdge\etc\mono\4.0\machine.config" 33 KB 
[2025-03-02 00:38:36]: Added  : "MacOS.app\Contents\MonoBleedingEdge\etc\mono\4.0\settings.map" 3 KB 
[2025-03-02 00:38:36]: Added  : "MacOS.app\Contents\MonoBleedingEdge\etc\mono\4.0\web.config" 19 KB 
[2025-03-02 00:38:36]: Added  : "MacOS.app\Contents\MonoBleedingEdge\etc\mono\4.5" 0 KB ,Flags: 64
[2025-03-02 00:38:36]: Added  : "MacOS.app\Contents\MonoBleedingEdge\etc\mono\4.5\Browsers" 0 KB ,Flags: 64
[2025-03-02 00:38:36]: Added  : "MacOS.app\Contents\MonoBleedingEdge\etc\mono\4.5\Browsers\Compat.browser" 2 KB 
[2025-03-02 00:38:36]: Added  : "MacOS.app\Contents\MonoBleedingEdge\etc\mono\4.5\DefaultWsdlHelpGenerator.aspx" 60 KB 
[2025-03-02 00:38:36]: Added  : "MacOS.app\Contents\MonoBleedingEdge\etc\mono\4.5\machine.config" 34 KB 
[2025-03-02 00:38:36]: Added  : "MacOS.app\Contents\MonoBleedingEdge\etc\mono\4.5\settings.map" 3 KB 
[2025-03-02 00:38:36]: Added  : "MacOS.app\Contents\MonoBleedingEdge\etc\mono\4.5\web.config" 19 KB 
[2025-03-02 00:38:36]: Added  : "MacOS.app\Contents\MonoBleedingEdge\etc\mono\browscap.ini" 305 KB 
[2025-03-02 00:38:36]: Added  : "MacOS.app\Contents\MonoBleedingEdge\etc\mono\config" 4 KB 
[2025-03-02 00:38:36]: Added  : "MacOS.app\Contents\MonoBleedingEdge\etc\mono\mconfig" 0 KB ,Flags: 64
[2025-03-02 00:38:36]: Added  : "MacOS.app\Contents\MonoBleedingEdge\etc\mono\mconfig\config.xml" 26 KB 
[2025-03-02 00:38:36]: Added  : "MacOS.app\Contents\PlugIns" 0 KB ,Flags: 64
[2025-03-02 00:38:36]: Added  : "MacOS.app\Contents\PlugIns\lib_burst_generated.bundle" 1092 KB 
[2025-03-02 00:38:36]: Added  : "MacOS.app\Contents\PlugIns\steam_api.bundle" 0 KB ,Flags: 64
[2025-03-02 00:38:36]: Added  : "MacOS.app\Contents\PlugIns\steam_api.bundle\Contents" 0 KB ,Flags: 64
[2025-03-02 00:38:36]: Added  : "MacOS.app\Contents\PlugIns\steam_api.bundle\Contents\Info.plist" 2 KB 
[2025-03-02 00:38:36]: Added  : "MacOS.app\Contents\PlugIns\steam_api.bundle\Contents\MacOS" 0 KB ,Flags: 64
[2025-03-02 00:38:36]: Added  : "MacOS.app\Contents\PlugIns\steam_api.bundle\Contents\MacOS\libsteam_api.dylib" 371 KB 
[2025-03-02 00:38:36]: Added  : "MacOS.app\Contents\PlugIns\steam_api.bundle\Contents\_CodeSignature" 0 KB ,Flags: 64
[2025-03-02 00:38:36]: Added  : "MacOS.app\Contents\PlugIns\steam_api.bundle\Contents\_CodeSignature\CodeResources" 3 KB 
[2025-03-02 00:38:36]: Added  : "MacOS.app\Contents\Resources" 0 KB ,Flags: 64
[2025-03-02 00:38:36]: Added  : "MacOS.app\Contents\Resources\Data" 0 KB ,Flags: 64
[2025-03-02 00:38:36]: Added  : "MacOS.app\Contents\Resources\Data\app.info" 1 KB 
[2025-03-02 00:38:36]: Added  : "MacOS.app\Contents\Resources\Data\boot.config" 1 KB 
[2025-03-02 00:38:36]: Added  : "MacOS.app\Contents\Resources\Data\globalgamemanagers" 273 KB 
[2025-03-02 00:38:36]: Added  : "MacOS.app\Contents\Resources\Data\globalgamemanagers.assets" 1074 KB 
[2025-03-02 00:38:36]: Added  : "MacOS.app\Contents\Resources\Data\globalgamemanagers.assets.resS" 3876 KB 
[2025-03-02 00:38:36]: Added  : "MacOS.app\Contents\Resources\Data\level0" 250 KB 
[2025-03-02 00:38:36]: Added  : "MacOS.app\Contents\Resources\Data\level1" 29 KB 
[2025-03-02 00:38:36]: Added  : "MacOS.app\Contents\Resources\Data\level2" 249 KB 
[2025-03-02 00:38:36]: Added  : "MacOS.app\Contents\Resources\Data\level3" 19 KB 
[2025-03-02 00:38:36]: Added  : "MacOS.app\Contents\Resources\Data\level4" 160 KB 
[2025-03-02 00:38:36]: Added  : "MacOS.app\Contents\Resources\Data\Managed" 0 KB ,Flags: 64
[2025-03-02 00:38:36]: Added  : "MacOS.app\Contents\Resources\Data\Managed\com.rlabrecque.steamworks.net.dll" 47 KB 
[2025-03-02 00:38:36]: Added  : "MacOS.app\Contents\Resources\Data\Managed\com.rlabrecque.steamworks.net.pdb" 27 KB 
[2025-03-02 00:38:36]: Added  : "MacOS.app\Contents\Resources\Data\Managed\FizzySteamworks.dll" 36 KB 
[2025-03-02 00:38:36]: Added  : "MacOS.app\Contents\Resources\Data\Managed\FizzySteamworks.pdb" 25 KB 
[2025-03-02 00:38:36]: Added  : "MacOS.app\Contents\Resources\Data\Managed\kcp2k.dll" 37 KB 
[2025-03-02 00:38:36]: Added  : "MacOS.app\Contents\Resources\Data\Managed\kcp2k.pdb" 28 KB 
[2025-03-02 00:38:36]: Added  : "MacOS.app\Contents\Resources\Data\Managed\MiddlewareTransport.dll" 7 KB 
[2025-03-02 00:38:36]: Added  : "MacOS.app\Contents\Resources\Data\Managed\MiddlewareTransport.pdb" 17 KB 
[2025-03-02 00:38:36]: Added  : "MacOS.app\Contents\Resources\Data\Managed\Mirror.Authenticators.dll" 31 KB 
[2025-03-02 00:38:36]: Added  : "MacOS.app\Contents\Resources\Data\Managed\Mirror.Authenticators.pdb" 18 KB 
[2025-03-02 00:38:36]: Added  : "MacOS.app\Contents\Resources\Data\Managed\Mirror.BouncyCastle.Cryptography.dll" 732 KB 
[2025-03-02 00:38:36]: Added  : "MacOS.app\Contents\Resources\Data\Managed\Mirror.Components.dll" 180 KB 
[2025-03-02 00:38:36]: Added  : "MacOS.app\Contents\Resources\Data\Managed\Mirror.Components.pdb" 62 KB 
[2025-03-02 00:38:36]: Added  : "MacOS.app\Contents\Resources\Data\Managed\Mirror.dll" 202 KB 
[2025-03-02 00:38:36]: Added  : "MacOS.app\Contents\Resources\Data\Managed\Mirror.pdb" 82 KB 
[2025-03-02 00:38:36]: Added  : "MacOS.app\Contents\Resources\Data\Managed\Mirror.Transports.dll" 75 KB 
[2025-03-02 00:38:36]: Added  : "MacOS.app\Contents\Resources\Data\Managed\Mirror.Transports.pdb" 39 KB 
[2025-03-02 00:38:36]: Added  : "MacOS.app\Contents\Resources\Data\Managed\Mono.Security.dll" 118 KB 
[2025-03-02 00:38:36]: Added  : "MacOS.app\Contents\Resources\Data\Managed\mscorlib.dll" 2622 KB 
[2025-03-02 00:38:36]: Added  : "MacOS.app\Contents\Resources\Data\Managed\MultiplexTransport.dll" 12 KB 
[2025-03-02 00:38:36]: Added  : "MacOS.app\Contents\Resources\Data\Managed\MultiplexTransport.pdb" 19 KB 
[2025-03-02 00:38:36]: Added  : "MacOS.app\Contents\Resources\Data\Managed\Newtonsoft.Json.dll" 378 KB 
[2025-03-02 00:38:36]: Added  : "MacOS.app\Contents\Resources\Data\Managed\Newtonsoft.Json.pdb" 154 KB 
[2025-03-02 00:38:36]: Added  : "MacOS.app\Contents\Resources\Data\Managed\System.Configuration.dll" 64 KB 
[2025-03-02 00:38:36]: Added  : "MacOS.app\Contents\Resources\Data\Managed\System.Core.dll" 398 KB 
[2025-03-02 00:38:36]: Added  : "MacOS.app\Contents\Resources\Data\Managed\System.Data.dll" 612 KB 
[2025-03-02 00:38:36]: Added  : "MacOS.app\Contents\Resources\Data\Managed\System.dll" 1347 KB 
[2025-03-02 00:38:36]: Added  : "MacOS.app\Contents\Resources\Data\Managed\System.Drawing.dll" 68 KB 
[2025-03-02 00:38:36]: Added  : "MacOS.app\Contents\Resources\Data\Managed\System.Numerics.dll" 38 KB 
[2025-03-02 00:38:36]: Added  : "MacOS.app\Contents\Resources\Data\Managed\System.Runtime.Serialization.dll" 6 KB 
[2025-03-02 00:38:36]: Added  : "MacOS.app\Contents\Resources\Data\Managed\System.Xml.dll" 1521 KB 
[2025-03-02 00:38:36]: Added  : "MacOS.app\Contents\Resources\Data\Managed\System.Xml.Linq.dll" 35 KB 
[2025-03-02 00:38:36]: Added  : "MacOS.app\Contents\Resources\Data\Managed\Telepathy.dll" 21 KB 
[2025-03-02 00:38:36]: Added  : "MacOS.app\Contents\Resources\Data\Managed\Telepathy.pdb" 22 KB 
[2025-03-02 00:38:36]: Added  : "MacOS.app\Contents\Resources\Data\Managed\TonyDev.dll" 504 KB 
[2025-03-02 00:38:36]: Added  : "MacOS.app\Contents\Resources\Data\Managed\TonyDev.pdb" 171 KB 
[2025-03-02 00:38:36]: Added  : "MacOS.app\Contents\Resources\Data\Managed\UniRx.dll" 451 KB 
[2025-03-02 00:38:36]: Added  : "MacOS.app\Contents\Resources\Data\Managed\UniRx.pdb" 217 KB 
[2025-03-02 00:38:36]: Added  : "MacOS.app\Contents\Resources\Data\Managed\UniTask.dll" 88 KB 
[2025-03-02 00:38:36]: Added  : "MacOS.app\Contents\Resources\Data\Managed\UniTask.pdb" 51 KB 
[2025-03-02 00:38:36]: Added  : "MacOS.app\Contents\Resources\Data\Managed\Unity.2D.Tilemap.Extras.dll" 33 KB 
[2025-03-02 00:38:36]: Added  : "MacOS.app\Contents\Resources\Data\Managed\Unity.2D.Tilemap.Extras.pdb" 27 KB 
[2025-03-02 00:38:36]: Added  : "MacOS.app\Contents\Resources\Data\Managed\Unity.Burst.dll" 28 KB 
[2025-03-02 00:38:36]: Added  : "MacOS.app\Contents\Resources\Data\Managed\Unity.Burst.pdb" 27 KB 
[2025-03-02 00:38:36]: Added  : "MacOS.app\Contents\Resources\Data\Managed\Unity.Burst.Unsafe.dll" 3 KB 
[2025-03-02 00:38:36]: Added  : "MacOS.app\Contents\Resources\Data\Managed\Unity.Collections.dll" 74 KB 
[2025-03-02 00:38:36]: Added  : "MacOS.app\Contents\Resources\Data\Managed\Unity.Collections.pdb" 45 KB 
[2025-03-02 00:38:36]: Added  : "MacOS.app\Contents\Resources\Data\Managed\Unity.InputSystem.dll" 1095 KB 
[2025-03-02 00:38:36]: Added  : "MacOS.app\Contents\Resources\Data\Managed\Unity.InputSystem.ForUI.dll" 15 KB 
[2025-03-02 00:38:36]: Added  : "MacOS.app\Contents\Resources\Data\Managed\Unity.InputSystem.ForUI.pdb" 18 KB 
[2025-03-02 00:38:36]: Added  : "MacOS.app\Contents\Resources\Data\Managed\Unity.InputSystem.pdb" 407 KB 
[2025-03-02 00:38:36]: Added  : "MacOS.app\Contents\Resources\Data\Managed\Unity.Mathematics.dll" 33 KB 
[2025-03-02 00:38:36]: Added  : "MacOS.app\Contents\Resources\Data\Managed\Unity.Mathematics.pdb" 28 KB 
[2025-03-02 00:38:36]: Added  : "MacOS.app\Contents\Resources\Data\Managed\Unity.RenderPipeline.Universal.ShaderLibrary.dll" 7 KB 
[2025-03-02 00:38:36]: Added  : "MacOS.app\Contents\Resources\Data\Managed\Unity.RenderPipeline.Universal.ShaderLibrary.pdb" 15 KB 
[2025-03-02 00:38:36]: Added  : "MacOS.app\Contents\Resources\Data\Managed\Unity.RenderPipelines.Core.Runtime.dll" 820 KB 
[2025-03-02 00:38:36]: Added  : "MacOS.app\Contents\Resources\Data\Managed\Unity.RenderPipelines.Core.Runtime.pdb" 323 KB 
[2025-03-02 00:38:36]: Added  : "MacOS.app\Contents\Resources\Data\Managed\Unity.RenderPipelines.Core.Runtime.Shared.dll" 4 KB 
[2025-03-02 00:38:36]: Added  : "MacOS.app\Contents\Resources\Data\Managed\Unity.RenderPipelines.Core.Runtime.Shared.pdb" 15 KB 
[2025-03-02 00:38:36]: Added  : "MacOS.app\Contents\Resources\Data\Managed\Unity.RenderPipelines.GPUDriven.Runtime.dll" 173 KB 
[2025-03-02 00:38:36]: Added  : "MacOS.app\Contents\Resources\Data\Managed\Unity.RenderPipelines.GPUDriven.Runtime.pdb" 78 KB 
[2025-03-02 00:38:36]: Added  : "MacOS.app\Contents\Resources\Data\Managed\Unity.RenderPipelines.Universal.2D.Runtime.dll" 242 KB 
[2025-03-02 00:38:36]: Added  : "MacOS.app\Contents\Resources\Data\Managed\Unity.RenderPipelines.Universal.2D.Runtime.pdb" 126 KB 
[2025-03-02 00:38:36]: Added  : "MacOS.app\Contents\Resources\Data\Managed\Unity.RenderPipelines.Universal.Runtime.dll" 762 KB 
[2025-03-02 00:38:36]: Added  : "MacOS.app\Contents\Resources\Data\Managed\Unity.RenderPipelines.Universal.Runtime.pdb" 264 KB 
[2025-03-02 00:38:36]: Added  : "MacOS.app\Contents\Resources\Data\Managed\Unity.TextMeshPro.dll" 431 KB 
[2025-03-02 00:38:36]: Added  : "MacOS.app\Contents\Resources\Data\Managed\Unity.TextMeshPro.pdb" 179 KB 
[2025-03-02 00:38:36]: Added  : "MacOS.app\Contents\Resources\Data\Managed\UnityEngine.AccessibilityModule.dll" 22 KB 
[2025-03-02 00:38:36]: Added  : "MacOS.app\Contents\Resources\Data\Managed\UnityEngine.AccessibilityModule.pdb" 17 KB 
[2025-03-02 00:38:36]: Added  : "MacOS.app\Contents\Resources\Data\Managed\UnityEngine.AIModule.dll" 11 KB 
[2025-03-02 00:38:36]: Added  : "MacOS.app\Contents\Resources\Data\Managed\UnityEngine.AIModule.pdb" 10 KB 
[2025-03-02 00:38:36]: Added  : "MacOS.app\Contents\Resources\Data\Managed\UnityEngine.AndroidJNIModule.dll" 57 KB 
[2025-03-02 00:38:36]: Added  : "MacOS.app\Contents\Resources\Data\Managed\UnityEngine.AndroidJNIModule.pdb" 30 KB 
[2025-03-02 00:38:36]: Added  : "MacOS.app\Contents\Resources\Data\Managed\UnityEngine.AnimationModule.dll" 31 KB 
[2025-03-02 00:38:36]: Added  : "MacOS.app\Contents\Resources\Data\Managed\UnityEngine.AnimationModule.pdb" 16 KB 
[2025-03-02 00:38:36]: Added  : "MacOS.app\Contents\Resources\Data\Managed\UnityEngine.AssetBundleModule.dll" 12 KB 
[2025-03-02 00:38:36]: Added  : "MacOS.app\Contents\Resources\Data\Managed\UnityEngine.AssetBundleModule.pdb" 10 KB 
[2025-03-02 00:38:36]: Added  : "MacOS.app\Contents\Resources\Data\Managed\UnityEngine.AudioModule.dll" 16 KB 
[2025-03-02 00:38:36]: Added  : "MacOS.app\Contents\Resources\Data\Managed\UnityEngine.AudioModule.pdb" 11 KB 
[2025-03-02 00:38:36]: Added  : "MacOS.app\Contents\Resources\Data\Managed\UnityEngine.CoreModule.dll" 760 KB 
[2025-03-02 00:38:36]: Added  : "MacOS.app\Contents\Resources\Data\Managed\UnityEngine.CoreModule.pdb" 243 KB 
[2025-03-02 00:38:36]: Added  : "MacOS.app\Contents\Resources\Data\Managed\UnityEngine.DirectorModule.dll" 15 KB 
[2025-03-02 00:38:36]: Added  : "MacOS.app\Contents\Resources\Data\Managed\UnityEngine.DirectorModule.pdb" 11 KB 
[2025-03-02 00:38:36]: Added  : "MacOS.app\Contents\Resources\Data\Managed\UnityEngine.dll" 87 KB 
[2025-03-02 00:38:36]: Added  : "MacOS.app\Contents\Resources\Data\Managed\UnityEngine.GameCenterModule.dll" 22 KB 
[2025-03-02 00:38:36]: Added  : "MacOS.app\Contents\Resources\Data\Managed\UnityEngine.GameCenterModule.pdb" 13 KB 
[2025-03-02 00:38:36]: Added  : "MacOS.app\Contents\Resources\Data\Managed\UnityEngine.GridModule.dll" 12 KB 
[2025-03-02 00:38:36]: Added  : "MacOS.app\Contents\Resources\Data\Managed\UnityEngine.GridModule.pdb" 9 KB 
[2025-03-02 00:38:36]: Added  : "MacOS.app\Contents\Resources\Data\Managed\UnityEngine.HierarchyCoreModule.dll" 37 KB 
[2025-03-02 00:38:36]: Added  : "MacOS.app\Contents\Resources\Data\Managed\UnityEngine.HierarchyCoreModule.pdb" 20 KB 
[2025-03-02 00:38:36]: Added  : "MacOS.app\Contents\Resources\Data\Managed\UnityEngine.IMGUIModule.dll" 128 KB 
[2025-03-02 00:38:36]: Added  : "MacOS.app\Contents\Resources\Data\Managed\UnityEngine.IMGUIModule.pdb" 59 KB 
[2025-03-02 00:38:36]: Added  : "MacOS.app\Contents\Resources\Data\Managed\UnityEngine.InputForUIModule.dll" 39 KB 
[2025-03-02 00:38:36]: Added  : "MacOS.app\Contents\Resources\Data\Managed\UnityEngine.InputForUIModule.pdb" 23 KB 
[2025-03-02 00:38:36]: Added  : "MacOS.app\Contents\Resources\Data\Managed\UnityEngine.InputLegacyModule.dll" 20 KB 
[2025-03-02 00:38:36]: Added  : "MacOS.app\Contents\Resources\Data\Managed\UnityEngine.InputLegacyModule.pdb" 12 KB 
[2025-03-02 00:38:36]: Added  : "MacOS.app\Contents\Resources\Data\Managed\UnityEngine.InputModule.dll" 13 KB 
[2025-03-02 00:38:36]: Added  : "MacOS.app\Contents\Resources\Data\Managed\UnityEngine.InputModule.pdb" 10 KB 
[2025-03-02 00:38:36]: Added  : "MacOS.app\Contents\Resources\Data\Managed\UnityEngine.JSONSerializeModule.dll" 13 KB 
[2025-03-02 00:38:36]: Added  : "MacOS.app\Contents\Resources\Data\Managed\UnityEngine.JSONSerializeModule.pdb" 10 KB 
[2025-03-02 00:38:36]: Added  : "MacOS.app\Contents\Resources\Data\Managed\UnityEngine.ParticleSystemModule.dll" 20 KB 
[2025-03-02 00:38:36]: Added  : "MacOS.app\Contents\Resources\Data\Managed\UnityEngine.ParticleSystemModule.pdb" 12 KB 
[2025-03-02 00:38:36]: Added  : "MacOS.app\Contents\Resources\Data\Managed\UnityEngine.pdb" 12 KB 
[2025-03-02 00:38:36]: Added  : "MacOS.app\Contents\Resources\Data\Managed\UnityEngine.Physics2DModule.dll" 27 KB 
[2025-03-02 00:38:36]: Added  : "MacOS.app\Contents\Resources\Data\Managed\UnityEngine.Physics2DModule.pdb" 12 KB 
[2025-03-02 00:38:36]: Added  : "MacOS.app\Contents\Resources\Data\Managed\UnityEngine.PhysicsModule.dll" 53 KB 
[2025-03-02 00:38:36]: Added  : "MacOS.app\Contents\Resources\Data\Managed\UnityEngine.PhysicsModule.pdb" 16 KB 
[2025-03-02 00:38:36]: Added  : "MacOS.app\Contents\Resources\Data\Managed\UnityEngine.PropertiesModule.dll" 113 KB 
[2025-03-02 00:38:36]: Added  : "MacOS.app\Contents\Resources\Data\Managed\UnityEngine.PropertiesModule.pdb" 49 KB 
[2025-03-02 00:38:36]: Added  : "MacOS.app\Contents\Resources\Data\Managed\UnityEngine.SharedInternalsModule.dll" 17 KB 
[2025-03-02 00:38:36]: Added  : "MacOS.app\Contents\Resources\Data\Managed\UnityEngine.SharedInternalsModule.pdb" 12 KB 
[2025-03-02 00:38:36]: Added  : "MacOS.app\Contents\Resources\Data\Managed\UnityEngine.SpriteMaskModule.dll" 11 KB 
[2025-03-02 00:38:36]: Added  : "MacOS.app\Contents\Resources\Data\Managed\UnityEngine.SpriteMaskModule.pdb" 9 KB 
[2025-03-02 00:38:36]: Added  : "MacOS.app\Contents\Resources\Data\Managed\UnityEngine.SpriteShapeModule.dll" 10 KB 
[2025-03-02 00:38:36]: Added  : "MacOS.app\Contents\Resources\Data\Managed\UnityEngine.SpriteShapeModule.pdb" 9 KB 
[2025-03-02 00:38:36]: Added  : "MacOS.app\Contents\Resources\Data\Managed\UnityEngine.SubsystemsModule.dll" 16 KB 
[2025-03-02 00:38:36]: Added  : "MacOS.app\Contents\Resources\Data\Managed\UnityEngine.SubsystemsModule.pdb" 12 KB 
[2025-03-02 00:38:36]: Added  : "MacOS.app\Contents\Resources\Data\Managed\UnityEngine.TerrainModule.dll" 20 KB 
[2025-03-02 00:38:36]: Added  : "MacOS.app\Contents\Resources\Data\Managed\UnityEngine.TerrainModule.pdb" 13 KB 
[2025-03-02 00:38:36]: Added  : "MacOS.app\Contents\Resources\Data\Managed\UnityEngine.TextCoreFontEngineModule.dll" 38 KB 
[2025-03-02 00:38:36]: Added  : "MacOS.app\Contents\Resources\Data\Managed\UnityEngine.TextCoreFontEngineModule.pdb" 18 KB 
[2025-03-02 00:38:36]: Added  : "MacOS.app\Contents\Resources\Data\Managed\UnityEngine.TextCoreTextEngineModule.dll" 298 KB 
[2025-03-02 00:38:36]: Added  : "MacOS.app\Contents\Resources\Data\Managed\UnityEngine.TextCoreTextEngineModule.pdb" 123 KB 
[2025-03-02 00:38:36]: Added  : "MacOS.app\Contents\Resources\Data\Managed\UnityEngine.TextRenderingModule.dll" 21 KB 
[2025-03-02 00:38:36]: Added  : "MacOS.app\Contents\Resources\Data\Managed\UnityEngine.TextRenderingModule.pdb" 12 KB 
[2025-03-02 00:38:36]: Added  : "MacOS.app\Contents\Resources\Data\Managed\UnityEngine.TilemapModule.dll" 23 KB 
[2025-03-02 00:38:36]: Added  : "MacOS.app\Contents\Resources\Data\Managed\UnityEngine.TilemapModule.pdb" 14 KB 
[2025-03-02 00:38:36]: Added  : "MacOS.app\Contents\Resources\Data\Managed\UnityEngine.UI.dll" 258 KB 
[2025-03-02 00:38:36]: Added  : "MacOS.app\Contents\Resources\Data\Managed\UnityEngine.UI.pdb" 134 KB 
[2025-03-02 00:38:36]: Added  : "MacOS.app\Contents\Resources\Data\Managed\UnityEngine.UIElementsModule.dll" 1604 KB 
[2025-03-02 00:38:36]: Added  : "MacOS.app\Contents\Resources\Data\Managed\UnityEngine.UIElementsModule.pdb" 745 KB 
[2025-03-02 00:38:36]: Added  : "MacOS.app\Contents\Resources\Data\Managed\UnityEngine.UIModule.dll" 26 KB 
[2025-03-02 00:38:36]: Added  : "MacOS.app\Contents\Resources\Data\Managed\UnityEngine.UIModule.pdb" 12 KB 
[2025-03-02 00:38:36]: Added  : "MacOS.app\Contents\Resources\Data\Managed\UnityEngine.UnityAnalyticsCommonModule.dll" 18 KB 
[2025-03-02 00:38:36]: Added  : "MacOS.app\Contents\Resources\Data\Managed\UnityEngine.UnityAnalyticsCommonModule.pdb" 13 KB 
[2025-03-02 00:38:36]: Added  : "MacOS.app\Contents\Resources\Data\Managed\UnityEngine.UnityAnalyticsModule.dll" 13 KB 
[2025-03-02 00:38:36]: Added  : "MacOS.app\Contents\Resources\Data\Managed\UnityEngine.UnityAnalyticsModule.pdb" 10 KB 
[2025-03-02 00:38:36]: Added  : "MacOS.app\Contents\Resources\Data\Managed\UnityEngine.UnityWebRequestAssetBundleModule.dll" 12 KB 
[2025-03-02 00:38:36]: Added  : "MacOS.app\Contents\Resources\Data\Managed\UnityEngine.UnityWebRequestAssetBundleModule.pdb" 10 KB 
[2025-03-02 00:38:36]: Added  : "MacOS.app\Contents\Resources\Data\Managed\UnityEngine.UnityWebRequestModule.dll" 34 KB 
[2025-03-02 00:38:36]: Added  : "MacOS.app\Contents\Resources\Data\Managed\UnityEngine.UnityWebRequestModule.pdb" 19 KB 
[2025-03-02 00:38:36]: Added  : "MacOS.app\Contents\Resources\Data\Managed\UnityEngine.UnityWebRequestWWWModule.dll" 15 KB 
[2025-03-02 00:38:36]: Added  : "MacOS.app\Contents\Resources\Data\Managed\UnityEngine.UnityWebRequestWWWModule.pdb" 12 KB 
[2025-03-02 00:38:36]: Added  : "MacOS.app\Contents\Resources\Data\Managed\UnityEngine.VFXModule.dll" 18 KB 
[2025-03-02 00:38:36]: Added  : "MacOS.app\Contents\Resources\Data\Managed\UnityEngine.VFXModule.pdb" 12 KB 
[2025-03-02 00:38:36]: Added  : "MacOS.app\Contents\Resources\Data\Managed\UnityEngine.VideoModule.dll" 14 KB 
[2025-03-02 00:38:36]: Added  : "MacOS.app\Contents\Resources\Data\Managed\UnityEngine.VideoModule.pdb" 10 KB 
[2025-03-02 00:38:36]: Added  : "MacOS.app\Contents\Resources\Data\Managed\UnityEngine.VRModule.dll" 12 KB 
[2025-03-02 00:38:36]: Added  : "MacOS.app\Contents\Resources\Data\Managed\UnityEngine.VRModule.pdb" 10 KB 
[2025-03-02 00:38:36]: Added  : "MacOS.app\Contents\Resources\Data\Managed\UnityEngine.XRModule.dll" 27 KB 
[2025-03-02 00:38:36]: Added  : "MacOS.app\Contents\Resources\Data\Managed\UnityEngine.XRModule.pdb" 14 KB 
[2025-03-02 00:38:36]: Added  : "MacOS.app\Contents\Resources\Data\Managed\where-allocations.dll" 7 KB 
[2025-03-02 00:38:36]: Added  : "MacOS.app\Contents\Resources\Data\Managed\where-allocations.pdb" 17 KB 
[2025-03-02 00:38:36]: Added  : "MacOS.app\Contents\Resources\Data\Resources" 0 KB ,Flags: 64
[2025-03-02 00:38:36]: Added  : "MacOS.app\Contents\Resources\Data\resources.assets" 580 KB 
[2025-03-02 00:38:36]: Added  : "MacOS.app\Contents\Resources\Data\resources.assets.resS" 362 KB 
[2025-03-02 00:38:36]: Added  : "MacOS.app\Contents\Resources\Data\Resources\unity default resources" 1660 KB 
[2025-03-02 00:38:36]: Added  : "MacOS.app\Contents\Resources\Data\Resources\unity_builtin_extra" 408 KB 
[2025-03-02 00:38:36]: Added  : "MacOS.app\Contents\Resources\Data\RuntimeInitializeOnLoads.json" 6 KB 
[2025-03-02 00:38:36]: Added  : "MacOS.app\Contents\Resources\Data\ScriptingAssemblies.json" 5 KB 
[2025-03-02 00:38:36]: Added  : "MacOS.app\Contents\Resources\Data\sharedassets0.assets" 35118 KB 
[2025-03-02 00:38:36]: Added  : "MacOS.app\Contents\Resources\Data\sharedassets0.assets.resS" 1451 KB 
[2025-03-02 00:38:36]: Added  : "MacOS.app\Contents\Resources\Data\sharedassets0.resource" 447 KB 
[2025-03-02 00:38:36]: Added  : "MacOS.app\Contents\Resources\Data\sharedassets1.assets" 16 KB 
[2025-03-02 00:38:36]: Added  : "MacOS.app\Contents\Resources\Data\sharedassets2.assets" 6008 KB 
[2025-03-02 00:38:36]: Added  : "MacOS.app\Contents\Resources\Data\sharedassets2.assets.resS" 484 KB 
[2025-03-02 00:38:36]: Added  : "MacOS.app\Contents\Resources\Data\sharedassets2.resource" 21 KB 
[2025-03-02 00:38:36]: Added  : "MacOS.app\Contents\Resources\Data\sharedassets3.assets" 10 KB 
[2025-03-02 00:38:36]: Added  : "MacOS.app\Contents\Resources\Data\sharedassets4.assets" 27 KB 
[2025-03-02 00:38:36]: Added  : "MacOS.app\Contents\Resources\Data\sharedassets4.assets.resS" 512 KB 
[2025-03-02 00:38:36]: Added  : "MacOS.app\Contents\Resources\DefaultPreferences.plist" 1 KB 
[2025-03-02 00:38:36]: Added  : "MacOS.app\Contents\Resources\MainMenu.nib" 0 KB ,Flags: 64
[2025-03-02 00:38:36]: Added  : "MacOS.app\Contents\Resources\MainMenu.nib\designable.nib" 5 KB 
[2025-03-02 00:38:36]: Added  : "MacOS.app\Contents\Resources\MainMenu.nib\keyedobjects.nib" 5 KB 
[2025-03-02 00:38:36]: Added  : "MacOS.app\Contents\Resources\PlayerIcon.icns" 548 KB 
[2025-03-02 00:38:36]: Added  : "MacOS.app\Contents\Resources\PrivacyInfo.xcprivacy" 1 KB 
[2025-03-02 00:38:36]: Added  : "MacOS.app\Contents\_CodeSignature" 0 KB ,Flags: 64
[2025-03-02 00:38:36]: Added  : "MacOS.app\Contents\_CodeSignature\CodeResources" 58 KB 
[2025-03-02 00:38:36]: Removed: KnightwardDemoMacBuild.app (0 KB)
[2025-03-02 00:38:36]: Removed: KnightwardDemoMacBuild.app\Contents (0 KB)
[2025-03-02 00:38:36]: Removed: KnightwardDemoMacBuild.app\Contents\Frameworks (0 KB)
[2025-03-02 00:38:36]: Removed: KnightwardDemoMacBuild.app\Contents\Frameworks\libmono-native.dylib (1627 KB)
[2025-03-02 00:38:36]: Removed: KnightwardDemoMacBuild.app\Contents\Frameworks\libmonobdwgc-2.0.dylib (6855 KB)
[2025-03-02 00:38:36]: Removed: KnightwardDemoMacBuild.app\Contents\Frameworks\libMonoPosixHelper.dylib (554 KB)
[2025-03-02 00:38:36]: Removed: KnightwardDemoMacBuild.app\Contents\Frameworks\UnityPlayer.dylib (58642 KB)
[2025-03-02 00:38:36]: Removed: KnightwardDemoMacBuild.app\Contents\Info.plist (2 KB)
[2025-03-02 00:38:36]: Removed: KnightwardDemoMacBuild.app\Contents\MacOS (0 KB)
[2025-03-02 00:38:36]: Removed: KnightwardDemoMacBuild.app\Contents\MacOS\Knightward Demo (129 KB)
[2025-03-02 00:38:36]: Removed: KnightwardDemoMacBuild.app\Contents\MonoBleedingEdge (0 KB)
[2025-03-02 00:38:36]: Removed: KnightwardDemoMacBuild.app\Contents\MonoBleedingEdge\etc (0 KB)
[2025-03-02 00:38:36]: Removed: KnightwardDemoMacBuild.app\Contents\MonoBleedingEdge\etc\mono (0 KB)
[2025-03-02 00:38:36]: Removed: KnightwardDemoMacBuild.app\Contents\MonoBleedingEdge\etc\mono\2.0 (0 KB)
[2025-03-02 00:38:36]: Removed: KnightwardDemoMacBuild.app\Contents\MonoBleedingEdge\etc\mono\2.0\Browsers (0 KB)
[2025-03-02 00:38:36]: Removed: KnightwardDemoMacBuild.app\Contents\MonoBleedingEdge\etc\mono\2.0\Browsers\Compat.browser (2 KB)
[2025-03-02 00:38:36]: Removed: KnightwardDemoMacBuild.app\Contents\MonoBleedingEdge\etc\mono\2.0\DefaultWsdlHelpGenerator.aspx (60 KB)
[2025-03-02 00:38:36]: Removed: KnightwardDemoMacBuild.app\Contents\MonoBleedingEdge\etc\mono\2.0\machine.config (29 KB)
[2025-03-02 00:38:36]: Removed: KnightwardDemoMacBuild.app\Contents\MonoBleedingEdge\etc\mono\2.0\settings.map (3 KB)
[2025-03-02 00:38:36]: Removed: KnightwardDemoMacBuild.app\Contents\MonoBleedingEdge\etc\mono\2.0\web.config (12 KB)
[2025-03-02 00:38:36]: Removed: KnightwardDemoMacBuild.app\Contents\MonoBleedingEdge\etc\mono\4.0 (0 KB)
[2025-03-02 00:38:36]: Removed: KnightwardDemoMacBuild.app\Contents\MonoBleedingEdge\etc\mono\4.0\Browsers (0 KB)
[2025-03-02 00:38:36]: Removed: KnightwardDemoMacBuild.app\Contents\MonoBleedingEdge\etc\mono\4.0\Browsers\Compat.browser (2 KB)
[2025-03-02 00:38:36]: Removed: KnightwardDemoMacBuild.app\Contents\MonoBleedingEdge\etc\mono\4.0\DefaultWsdlHelpGenerator.aspx (60 KB)
[2025-03-02 00:38:36]: Removed: KnightwardDemoMacBuild.app\Contents\MonoBleedingEdge\etc\mono\4.0\machine.config (33 KB)
[2025-03-02 00:38:36]: Removed: KnightwardDemoMacBuild.app\Contents\MonoBleedingEdge\etc\mono\4.0\settings.map (3 KB)
[2025-03-02 00:38:36]: Removed: KnightwardDemoMacBuild.app\Contents\MonoBleedingEdge\etc\mono\4.0\web.config (19 KB)
[2025-03-02 00:38:36]: Removed: KnightwardDemoMacBuild.app\Contents\MonoBleedingEdge\etc\mono\4.5 (0 KB)
[2025-03-02 00:38:36]: Removed: KnightwardDemoMacBuild.app\Contents\MonoBleedingEdge\etc\mono\4.5\Browsers (0 KB)
[2025-03-02 00:38:36]: Removed: KnightwardDemoMacBuild.app\Contents\MonoBleedingEdge\etc\mono\4.5\Browsers\Compat.browser (2 KB)
[2025-03-02 00:38:36]: Removed: KnightwardDemoMacBuild.app\Contents\MonoBleedingEdge\etc\mono\4.5\DefaultWsdlHelpGenerator.aspx (60 KB)
[2025-03-02 00:38:36]: Removed: KnightwardDemoMacBuild.app\Contents\MonoBleedingEdge\etc\mono\4.5\machine.config (34 KB)
[2025-03-02 00:38:36]: Removed: KnightwardDemoMacBuild.app\Contents\MonoBleedingEdge\etc\mono\4.5\settings.map (3 KB)
[2025-03-02 00:38:36]: Removed: KnightwardDemoMacBuild.app\Contents\MonoBleedingEdge\etc\mono\4.5\web.config (19 KB)
[2025-03-02 00:38:36]: Removed: KnightwardDemoMacBuild.app\Contents\MonoBleedingEdge\etc\mono\browscap.ini (305 KB)
[2025-03-02 00:38:36]: Removed: KnightwardDemoMacBuild.app\Contents\MonoBleedingEdge\etc\mono\config (4 KB)
[2025-03-02 00:38:36]: Removed: KnightwardDemoMacBuild.app\Contents\MonoBleedingEdge\etc\mono\mconfig (0 KB)
[2025-03-02 00:38:36]: Removed: KnightwardDemoMacBuild.app\Contents\MonoBleedingEdge\etc\mono\mconfig\config.xml (26 KB)
[2025-03-02 00:38:36]: Removed: KnightwardDemoMacBuild.app\Contents\PlugIns (0 KB)
[2025-03-02 00:38:36]: Removed: KnightwardDemoMacBuild.app\Contents\PlugIns\lib_burst_generated.bundle (1489 KB)
[2025-03-02 00:38:36]: Removed: KnightwardDemoMacBuild.app\Contents\PlugIns\steam_api.bundle (0 KB)
[2025-03-02 00:38:36]: Removed: KnightwardDemoMacBuild.app\Contents\PlugIns\steam_api.bundle\Contents (0 KB)
[2025-03-02 00:38:36]: Removed: KnightwardDemoMacBuild.app\Contents\PlugIns\steam_api.bundle\Contents\Info.plist (2 KB)
[2025-03-02 00:38:36]: Removed: KnightwardDemoMacBuild.app\Contents\PlugIns\steam_api.bundle\Contents\MacOS (0 KB)
[2025-03-02 00:38:36]: Removed: KnightwardDemoMacBuild.app\Contents\PlugIns\steam_api.bundle\Contents\MacOS\libsteam_api.dylib (371 KB)
[2025-03-02 00:38:36]: Removed: KnightwardDemoMacBuild.app\Contents\PlugIns\steam_api.bundle\Contents\_CodeSignature (0 KB)
[2025-03-02 00:38:36]: Removed: KnightwardDemoMacBuild.app\Contents\PlugIns\steam_api.bundle\Contents\_CodeSignature\CodeResources (3 KB)
[2025-03-02 00:38:36]: Removed: KnightwardDemoMacBuild.app\Contents\Resources (0 KB)
[2025-03-02 00:38:36]: Removed: KnightwardDemoMacBuild.app\Contents\Resources\Data (0 KB)
[2025-03-02 00:38:36]: Removed: KnightwardDemoMacBuild.app\Contents\Resources\Data\app.info (1 KB)
[2025-03-02 00:38:36]: Removed: KnightwardDemoMacBuild.app\Contents\Resources\Data\boot.config (1 KB)
[2025-03-02 00:38:36]: Removed: KnightwardDemoMacBuild.app\Contents\Resources\Data\globalgamemanagers (278 KB)
[2025-03-02 00:38:36]: Removed: KnightwardDemoMacBuild.app\Contents\Resources\Data\globalgamemanagers.assets (1094 KB)
[2025-03-02 00:38:36]: Removed: KnightwardDemoMacBuild.app\Contents\Resources\Data\globalgamemanagers.assets.resS (3876 KB)
[2025-03-02 00:38:36]: Removed: KnightwardDemoMacBuild.app\Contents\Resources\Data\level0 (35 KB)
[2025-03-02 00:38:36]: Removed: KnightwardDemoMacBuild.app\Contents\Resources\Data\level1 (29 KB)
[2025-03-02 00:38:36]: Removed: KnightwardDemoMacBuild.app\Contents\Resources\Data\level2 (248 KB)
[2025-03-02 00:38:36]: Removed: KnightwardDemoMacBuild.app\Contents\Resources\Data\level3 (16 KB)
[2025-03-02 00:38:36]: Removed: KnightwardDemoMacBuild.app\Contents\Resources\Data\Managed (0 KB)
[2025-03-02 00:38:36]: Removed: KnightwardDemoMacBuild.app\Contents\Resources\Data\Managed\com.rlabrecque.steamworks.net.dll (47 KB)
[2025-03-02 00:38:36]: Removed: KnightwardDemoMacBuild.app\Contents\Resources\Data\Managed\com.rlabrecque.steamworks.net.pdb (28 KB)
[2025-03-02 00:38:36]: Removed: KnightwardDemoMacBuild.app\Contents\Resources\Data\Managed\FizzySteamworks.dll (36 KB)
[2025-03-02 00:38:36]: Removed: KnightwardDemoMacBuild.app\Contents\Resources\Data\Managed\FizzySteamworks.pdb (26 KB)
[2025-03-02 00:38:36]: Removed: KnightwardDemoMacBuild.app\Contents\Resources\Data\Managed\kcp2k.dll (37 KB)
[2025-03-02 00:38:36]: Removed: KnightwardDemoMacBuild.app\Contents\Resources\Data\Managed\kcp2k.pdb (29 KB)
[2025-03-02 00:38:36]: Removed: KnightwardDemoMacBuild.app\Contents\Resources\Data\Managed\MiddlewareTransport.dll (7 KB)
[2025-03-02 00:38:36]: Removed: KnightwardDemoMacBuild.app\Contents\Resources\Data\Managed\MiddlewareTransport.pdb (17 KB)
[2025-03-02 00:38:36]: Removed: KnightwardDemoMacBuild.app\Contents\Resources\Data\Managed\Mirror.Authenticators.dll (31 KB)
[2025-03-02 00:38:36]: Removed: KnightwardDemoMacBuild.app\Contents\Resources\Data\Managed\Mirror.Authenticators.pdb (19 KB)
[2025-03-02 00:38:36]: Removed: KnightwardDemoMacBuild.app\Contents\Resources\Data\Managed\Mirror.BouncyCastle.Cryptography.dll (732 KB)
[2025-03-02 00:38:36]: Removed: KnightwardDemoMacBuild.app\Contents\Resources\Data\Managed\Mirror.Components.dll (180 KB)
[2025-03-02 00:38:36]: Removed: KnightwardDemoMacBuild.app\Contents\Resources\Data\Managed\Mirror.Components.pdb (62 KB)
[2025-03-02 00:38:36]: Removed: KnightwardDemoMacBuild.app\Contents\Resources\Data\Managed\Mirror.dll (202 KB)
[2025-03-02 00:38:36]: Removed: KnightwardDemoMacBuild.app\Contents\Resources\Data\Managed\Mirror.pdb (83 KB)
[2025-03-02 00:38:36]: Removed: KnightwardDemoMacBuild.app\Contents\Resources\Data\Managed\Mirror.Transports.dll (75 KB)
[2025-03-02 00:38:36]: Removed: KnightwardDemoMacBuild.app\Contents\Resources\Data\Managed\Mirror.Transports.pdb (39 KB)
[2025-03-02 00:38:36]: Removed: KnightwardDemoMacBuild.app\Contents\Resources\Data\Managed\Mono.Security.dll (118 KB)
[2025-03-02 00:38:36]: Removed: KnightwardDemoMacBuild.app\Contents\Resources\Data\Managed\mscorlib.dll (2622 KB)
[2025-03-02 00:38:36]: Removed: KnightwardDemoMacBuild.app\Contents\Resources\Data\Managed\MultiplexTransport.dll (12 KB)
[2025-03-02 00:38:36]: Removed: KnightwardDemoMacBuild.app\Contents\Resources\Data\Managed\MultiplexTransport.pdb (19 KB)
[2025-03-02 00:38:36]: Removed: KnightwardDemoMacBuild.app\Contents\Resources\Data\Managed\Newtonsoft.Json.dll (378 KB)
[2025-03-02 00:38:36]: Removed: KnightwardDemoMacBuild.app\Contents\Resources\Data\Managed\Newtonsoft.Json.pdb (154 KB)
[2025-03-02 00:38:36]: Removed: KnightwardDemoMacBuild.app\Contents\Resources\Data\Managed\System.Configuration.dll (64 KB)
[2025-03-02 00:38:36]: Removed: KnightwardDemoMacBuild.app\Contents\Resources\Data\Managed\System.Core.dll (398 KB)
[2025-03-02 00:38:36]: Removed: KnightwardDemoMacBuild.app\Contents\Resources\Data\Managed\System.Data.dll (612 KB)
[2025-03-02 00:38:36]: Removed: KnightwardDemoMacBuild.app\Contents\Resources\Data\Managed\System.dll (1347 KB)
[2025-03-02 00:38:36]: Removed: KnightwardDemoMacBuild.app\Contents\Resources\Data\Managed\System.Drawing.dll (68 KB)
[2025-03-02 00:38:36]: Removed: KnightwardDemoMacBuild.app\Contents\Resources\Data\Managed\System.Numerics.dll (38 KB)
[2025-03-02 00:38:36]: Removed: KnightwardDemoMacBuild.app\Contents\Resources\Data\Managed\System.Runtime.Serialization.dll (6 KB)
[2025-03-02 00:38:36]: Removed: KnightwardDemoMacBuild.app\Contents\Resources\Data\Managed\System.Xml.dll (1521 KB)
[2025-03-02 00:38:36]: Removed: KnightwardDemoMacBuild.app\Contents\Resources\Data\Managed\System.Xml.Linq.dll (35 KB)
[2025-03-02 00:38:36]: Removed: KnightwardDemoMacBuild.app\Contents\Resources\Data\Managed\Telepathy.dll (21 KB)
[2025-03-02 00:38:36]: Removed: KnightwardDemoMacBuild.app\Contents\Resources\Data\Managed\Telepathy.pdb (23 KB)
[2025-03-02 00:38:36]: Removed: KnightwardDemoMacBuild.app\Contents\Resources\Data\Managed\TonyDev.dll (501 KB)
[2025-03-02 00:38:36]: Removed: KnightwardDemoMacBuild.app\Contents\Resources\Data\Managed\TonyDev.pdb (173 KB)
[2025-03-02 00:38:36]: Removed: KnightwardDemoMacBuild.app\Contents\Resources\Data\Managed\UniRx.dll (451 KB)
[2025-03-02 00:38:36]: Removed: KnightwardDemoMacBuild.app\Contents\Resources\Data\Managed\UniRx.pdb (218 KB)
[2025-03-02 00:38:36]: Removed: KnightwardDemoMacBuild.app\Contents\Resources\Data\Managed\UniTask.dll (88 KB)
[2025-03-02 00:38:36]: Removed: KnightwardDemoMacBuild.app\Contents\Resources\Data\Managed\UniTask.pdb (52 KB)
[2025-03-02 00:38:36]: Removed: KnightwardDemoMacBuild.app\Contents\Resources\Data\Managed\Unity.2D.Animation.Runtime.dll (85 KB)
[2025-03-02 00:38:36]: Removed: KnightwardDemoMacBuild.app\Contents\Resources\Data\Managed\Unity.2D.Animation.Runtime.pdb (50 KB)
[2025-03-02 00:38:36]: Removed: KnightwardDemoMacBuild.app\Contents\Resources\Data\Managed\Unity.2D.Common.Runtime.dll (28 KB)
[2025-03-02 00:38:36]: Removed: KnightwardDemoMacBuild.app\Contents\Resources\Data\Managed\Unity.2D.Common.Runtime.pdb (28 KB)
[2025-03-02 00:38:36]: Removed: KnightwardDemoMacBuild.app\Contents\Resources\Data\Managed\Unity.2D.SpriteShape.Runtime.dll (93 KB)
[2025-03-02 00:38:36]: Removed: KnightwardDemoMacBuild.app\Contents\Resources\Data\Managed\Unity.2D.SpriteShape.Runtime.pdb (56 KB)
[2025-03-02 00:38:36]: Removed: KnightwardDemoMacBuild.app\Contents\Resources\Data\Managed\Unity.2D.Tilemap.Extras.dll (33 KB)
[2025-03-02 00:38:36]: Removed: KnightwardDemoMacBuild.app\Contents\Resources\Data\Managed\Unity.2D.Tilemap.Extras.pdb (27 KB)
[2025-03-02 00:38:36]: Removed: KnightwardDemoMacBuild.app\Contents\Resources\Data\Managed\Unity.Burst.dll (28 KB)
[2025-03-02 00:38:36]: Removed: KnightwardDemoMacBuild.app\Contents\Resources\Data\Managed\Unity.Burst.pdb (28 KB)
[2025-03-02 00:38:36]: Removed: KnightwardDemoMacBuild.app\Contents\Resources\Data\Managed\Unity.Burst.Unsafe.dll (3 KB)
[2025-03-02 00:38:36]: Removed: KnightwardDemoMacBuild.app\Contents\Resources\Data\Managed\Unity.Collections.dll (76 KB)
[2025-03-02 00:38:36]: Removed: KnightwardDemoMacBuild.app\Contents\Resources\Data\Managed\Unity.Collections.pdb (47 KB)
[2025-03-02 00:38:36]: Removed: KnightwardDemoMacBuild.app\Contents\Resources\Data\Managed\Unity.InputSystem.dll (1095 KB)
[2025-03-02 00:38:36]: Removed: KnightwardDemoMacBuild.app\Contents\Resources\Data\Managed\Unity.InputSystem.ForUI.dll (15 KB)
[2025-03-02 00:38:36]: Removed: KnightwardDemoMacBuild.app\Contents\Resources\Data\Managed\Unity.InputSystem.ForUI.pdb (19 KB)
[2025-03-02 00:38:36]: Removed: KnightwardDemoMacBuild.app\Contents\Resources\Data\Managed\Unity.InputSystem.pdb (408 KB)
[2025-03-02 00:38:36]: Removed: KnightwardDemoMacBuild.app\Contents\Resources\Data\Managed\Unity.InternalAPIEngineBridge.001.dll (5 KB)
[2025-03-02 00:38:36]: Removed: KnightwardDemoMacBuild.app\Contents\Resources\Data\Managed\Unity.InternalAPIEngineBridge.001.pdb (16 KB)
[2025-03-02 00:38:36]: Removed: KnightwardDemoMacBuild.app\Contents\Resources\Data\Managed\Unity.Mathematics.dll (35 KB)
[2025-03-02 00:38:36]: Removed: KnightwardDemoMacBuild.app\Contents\Resources\Data\Managed\Unity.Mathematics.pdb (29 KB)
[2025-03-02 00:38:36]: Removed: KnightwardDemoMacBuild.app\Contents\Resources\Data\Managed\Unity.RenderPipeline.Universal.ShaderLibrary.dll (7 KB)
[2025-03-02 00:38:36]: Removed: KnightwardDemoMacBuild.app\Contents\Resources\Data\Managed\Unity.RenderPipeline.Universal.ShaderLibrary.pdb (16 KB)
[2025-03-02 00:38:36]: Removed: KnightwardDemoMacBuild.app\Contents\Resources\Data\Managed\Unity.RenderPipelines.Core.Runtime.dll (820 KB)
[2025-03-02 00:38:36]: Removed: KnightwardDemoMacBuild.app\Contents\Resources\Data\Managed\Unity.RenderPipelines.Core.Runtime.pdb (324 KB)
[2025-03-02 00:38:36]: Removed: KnightwardDemoMacBuild.app\Contents\Resources\Data\Managed\Unity.RenderPipelines.Core.Runtime.Shared.dll (4 KB)
[2025-03-02 00:38:36]: Removed: KnightwardDemoMacBuild.app\Contents\Resources\Data\Managed\Unity.RenderPipelines.Core.Runtime.Shared.pdb (16 KB)
[2025-03-02 00:38:36]: Removed: KnightwardDemoMacBuild.app\Contents\Resources\Data\Managed\Unity.RenderPipelines.GPUDriven.Runtime.dll (173 KB)
[2025-03-02 00:38:36]: Removed: KnightwardDemoMacBuild.app\Contents\Resources\Data\Managed\Unity.RenderPipelines.GPUDriven.Runtime.pdb (78 KB)
[2025-03-02 00:38:36]: Removed: KnightwardDemoMacBuild.app\Contents\Resources\Data\Managed\Unity.RenderPipelines.Universal.2D.Runtime.dll (244 KB)
[2025-03-02 00:38:36]: Removed: KnightwardDemoMacBuild.app\Contents\Resources\Data\Managed\Unity.RenderPipelines.Universal.2D.Runtime.pdb (128 KB)
[2025-03-02 00:38:36]: Removed: KnightwardDemoMacBuild.app\Contents\Resources\Data\Managed\Unity.RenderPipelines.Universal.Runtime.dll (762 KB)
[2025-03-02 00:38:36]: Removed: KnightwardDemoMacBuild.app\Contents\Resources\Data\Managed\Unity.RenderPipelines.Universal.Runtime.pdb (265 KB)
[2025-03-02 00:38:36]: Removed: KnightwardDemoMacBuild.app\Contents\Resources\Data\Managed\Unity.TextMeshPro.dll (431 KB)
[2025-03-02 00:38:36]: Removed: KnightwardDemoMacBuild.app\Contents\Resources\Data\Managed\Unity.TextMeshPro.pdb (180 KB)
[2025-03-02 00:38:36]: Removed: KnightwardDemoMacBuild.app\Contents\Resources\Data\Managed\UnityEngine.AccessibilityModule.dll (22 KB)
[2025-03-02 00:38:36]: Removed: KnightwardDemoMacBuild.app\Contents\Resources\Data\Managed\UnityEngine.AccessibilityModule.pdb (17 KB)
[2025-03-02 00:38:36]: Removed: KnightwardDemoMacBuild.app\Contents\Resources\Data\Managed\UnityEngine.AIModule.dll (11 KB)
[2025-03-02 00:38:36]: Removed: KnightwardDemoMacBuild.app\Contents\Resources\Data\Managed\UnityEngine.AIModule.pdb (10 KB)
[2025-03-02 00:38:36]: Removed: KnightwardDemoMacBuild.app\Contents\Resources\Data\Managed\UnityEngine.AndroidJNIModule.dll (57 KB)
[2025-03-02 00:38:36]: Removed: KnightwardDemoMacBuild.app\Contents\Resources\Data\Managed\UnityEngine.AndroidJNIModule.pdb (30 KB)
[2025-03-02 00:38:36]: Removed: KnightwardDemoMacBuild.app\Contents\Resources\Data\Managed\UnityEngine.AnimationModule.dll (32 KB)
[2025-03-02 00:38:36]: Removed: KnightwardDemoMacBuild.app\Contents\Resources\Data\Managed\UnityEngine.AnimationModule.pdb (16 KB)
[2025-03-02 00:38:36]: Removed: KnightwardDemoMacBuild.app\Contents\Resources\Data\Managed\UnityEngine.AssetBundleModule.dll (12 KB)
[2025-03-02 00:38:36]: Removed: KnightwardDemoMacBuild.app\Contents\Resources\Data\Managed\UnityEngine.AssetBundleModule.pdb (10 KB)
[2025-03-02 00:38:36]: Removed: KnightwardDemoMacBuild.app\Contents\Resources\Data\Managed\UnityEngine.AudioModule.dll (16 KB)
[2025-03-02 00:38:36]: Removed: KnightwardDemoMacBuild.app\Contents\Resources\Data\Managed\UnityEngine.AudioModule.pdb (11 KB)
[2025-03-02 00:38:36]: Removed: KnightwardDemoMacBuild.app\Contents\Resources\Data\Managed\UnityEngine.CoreModule.dll (770 KB)
[2025-03-02 00:38:36]: Removed: KnightwardDemoMacBuild.app\Contents\Resources\Data\Managed\UnityEngine.CoreModule.pdb (247 KB)
[2025-03-02 00:38:36]: Removed: KnightwardDemoMacBuild.app\Contents\Resources\Data\Managed\UnityEngine.DirectorModule.dll (15 KB)
[2025-03-02 00:38:36]: Removed: KnightwardDemoMacBuild.app\Contents\Resources\Data\Managed\UnityEngine.DirectorModule.pdb (11 KB)
[2025-03-02 00:38:36]: Removed: KnightwardDemoMacBuild.app\Contents\Resources\Data\Managed\UnityEngine.dll (87 KB)
[2025-03-02 00:38:36]: Removed: KnightwardDemoMacBuild.app\Contents\Resources\Data\Managed\UnityEngine.GameCenterModule.dll (22 KB)
[2025-03-02 00:38:36]: Removed: KnightwardDemoMacBuild.app\Contents\Resources\Data\Managed\UnityEngine.GameCenterModule.pdb (13 KB)
[2025-03-02 00:38:36]: Removed: KnightwardDemoMacBuild.app\Contents\Resources\Data\Managed\UnityEngine.GridModule.dll (12 KB)
[2025-03-02 00:38:36]: Removed: KnightwardDemoMacBuild.app\Contents\Resources\Data\Managed\UnityEngine.GridModule.pdb (9 KB)
[2025-03-02 00:38:36]: Removed: KnightwardDemoMacBuild.app\Contents\Resources\Data\Managed\UnityEngine.HierarchyCoreModule.dll (37 KB)
[2025-03-02 00:38:36]: Removed: KnightwardDemoMacBuild.app\Contents\Resources\Data\Managed\UnityEngine.HierarchyCoreModule.pdb (20 KB)
[2025-03-02 00:38:36]: Removed: KnightwardDemoMacBuild.app\Contents\Resources\Data\Managed\UnityEngine.IMGUIModule.dll (128 KB)
[2025-03-02 00:38:36]: Removed: KnightwardDemoMacBuild.app\Contents\Resources\Data\Managed\UnityEngine.IMGUIModule.pdb (59 KB)
[2025-03-02 00:38:36]: Removed: KnightwardDemoMacBuild.app\Contents\Resources\Data\Managed\UnityEngine.InputForUIModule.dll (39 KB)
[2025-03-02 00:38:36]: Removed: KnightwardDemoMacBuild.app\Contents\Resources\Data\Managed\UnityEngine.InputForUIModule.pdb (23 KB)
[2025-03-02 00:38:36]: Removed: KnightwardDemoMacBuild.app\Contents\Resources\Data\Managed\UnityEngine.InputLegacyModule.dll (20 KB)
[2025-03-02 00:38:36]: Removed: KnightwardDemoMacBuild.app\Contents\Resources\Data\Managed\UnityEngine.InputLegacyModule.pdb (12 KB)
[2025-03-02 00:38:36]: Removed: KnightwardDemoMacBuild.app\Contents\Resources\Data\Managed\UnityEngine.InputModule.dll (13 KB)
[2025-03-02 00:38:36]: Removed: KnightwardDemoMacBuild.app\Contents\Resources\Data\Managed\UnityEngine.InputModule.pdb (10 KB)
[2025-03-02 00:38:36]: Removed: KnightwardDemoMacBuild.app\Contents\Resources\Data\Managed\UnityEngine.JSONSerializeModule.dll (13 KB)
[2025-03-02 00:38:36]: Removed: KnightwardDemoMacBuild.app\Contents\Resources\Data\Managed\UnityEngine.JSONSerializeModule.pdb (10 KB)
[2025-03-02 00:38:36]: Removed: KnightwardDemoMacBuild.app\Contents\Resources\Data\Managed\UnityEngine.ParticleSystemModule.dll (20 KB)
[2025-03-02 00:38:36]: Removed: KnightwardDemoMacBuild.app\Contents\Resources\Data\Managed\UnityEngine.ParticleSystemModule.pdb (12 KB)
[2025-03-02 00:38:36]: Removed: KnightwardDemoMacBuild.app\Contents\Resources\Data\Managed\UnityEngine.pdb (12 KB)
[2025-03-02 00:38:36]: Removed: KnightwardDemoMacBuild.app\Contents\Resources\Data\Managed\UnityEngine.Physics2DModule.dll (28 KB)
[2025-03-02 00:38:36]: Removed: KnightwardDemoMacBuild.app\Contents\Resources\Data\Managed\UnityEngine.Physics2DModule.pdb (12 KB)
[2025-03-02 00:38:36]: Removed: KnightwardDemoMacBuild.app\Contents\Resources\Data\Managed\UnityEngine.PhysicsModule.dll (53 KB)
[2025-03-02 00:38:36]: Removed: KnightwardDemoMacBuild.app\Contents\Resources\Data\Managed\UnityEngine.PhysicsModule.pdb (16 KB)
[2025-03-02 00:38:36]: Removed: KnightwardDemoMacBuild.app\Contents\Resources\Data\Managed\UnityEngine.PropertiesModule.dll (113 KB)
[2025-03-02 00:38:36]: Removed: KnightwardDemoMacBuild.app\Contents\Resources\Data\Managed\UnityEngine.PropertiesModule.pdb (49 KB)
[2025-03-02 00:38:36]: Removed: KnightwardDemoMacBuild.app\Contents\Resources\Data\Managed\UnityEngine.SharedInternalsModule.dll (17 KB)
[2025-03-02 00:38:36]: Removed: KnightwardDemoMacBuild.app\Contents\Resources\Data\Managed\UnityEngine.SharedInternalsModule.pdb (12 KB)
[2025-03-02 00:38:36]: Removed: KnightwardDemoMacBuild.app\Contents\Resources\Data\Managed\UnityEngine.SpriteMaskModule.dll (11 KB)
[2025-03-02 00:38:36]: Removed: KnightwardDemoMacBuild.app\Contents\Resources\Data\Managed\UnityEngine.SpriteMaskModule.pdb (9 KB)
[2025-03-02 00:38:36]: Removed: KnightwardDemoMacBuild.app\Contents\Resources\Data\Managed\UnityEngine.SpriteShapeModule.dll (14 KB)
[2025-03-02 00:38:36]: Removed: KnightwardDemoMacBuild.app\Contents\Resources\Data\Managed\UnityEngine.SpriteShapeModule.pdb (10 KB)
[2025-03-02 00:38:36]: Removed: KnightwardDemoMacBuild.app\Contents\Resources\Data\Managed\UnityEngine.SubsystemsModule.dll (16 KB)
[2025-03-02 00:38:36]: Removed: KnightwardDemoMacBuild.app\Contents\Resources\Data\Managed\UnityEngine.SubsystemsModule.pdb (12 KB)
[2025-03-02 00:38:36]: Removed: KnightwardDemoMacBuild.app\Contents\Resources\Data\Managed\UnityEngine.TerrainModule.dll (20 KB)
[2025-03-02 00:38:36]: Removed: KnightwardDemoMacBuild.app\Contents\Resources\Data\Managed\UnityEngine.TerrainModule.pdb (13 KB)
[2025-03-02 00:38:36]: Removed: KnightwardDemoMacBuild.app\Contents\Resources\Data\Managed\UnityEngine.TextCoreFontEngineModule.dll (38 KB)
[2025-03-02 00:38:36]: Removed: KnightwardDemoMacBuild.app\Contents\Resources\Data\Managed\UnityEngine.TextCoreFontEngineModule.pdb (18 KB)
[2025-03-02 00:38:36]: Removed: KnightwardDemoMacBuild.app\Contents\Resources\Data\Managed\UnityEngine.TextCoreTextEngineModule.dll (298 KB)
[2025-03-02 00:38:36]: Removed: KnightwardDemoMacBuild.app\Contents\Resources\Data\Managed\UnityEngine.TextCoreTextEngineModule.pdb (123 KB)
[2025-03-02 00:38:36]: Removed: KnightwardDemoMacBuild.app\Contents\Resources\Data\Managed\UnityEngine.TextRenderingModule.dll (21 KB)
[2025-03-02 00:38:36]: Removed: KnightwardDemoMacBuild.app\Contents\Resources\Data\Managed\UnityEngine.TextRenderingModule.pdb (12 KB)
[2025-03-02 00:38:36]: Removed: KnightwardDemoMacBuild.app\Contents\Resources\Data\Managed\UnityEngine.TilemapModule.dll (23 KB)
[2025-03-02 00:38:36]: Removed: KnightwardDemoMacBuild.app\Contents\Resources\Data\Managed\UnityEngine.TilemapModule.pdb (14 KB)
[2025-03-02 00:38:36]: Removed: KnightwardDemoMacBuild.app\Contents\Resources\Data\Managed\UnityEngine.UI.dll (258 KB)
[2025-03-02 00:38:36]: Removed: KnightwardDemoMacBuild.app\Contents\Resources\Data\Managed\UnityEngine.UI.pdb (134 KB)
[2025-03-02 00:38:36]: Removed: KnightwardDemoMacBuild.app\Contents\Resources\Data\Managed\UnityEngine.UIElementsModule.dll (1604 KB)
[2025-03-02 00:38:36]: Removed: KnightwardDemoMacBuild.app\Contents\Resources\Data\Managed\UnityEngine.UIElementsModule.pdb (745 KB)
[2025-03-02 00:38:36]: Removed: KnightwardDemoMacBuild.app\Contents\Resources\Data\Managed\UnityEngine.UIModule.dll (26 KB)
[2025-03-02 00:38:36]: Removed: KnightwardDemoMacBuild.app\Contents\Resources\Data\Managed\UnityEngine.UIModule.pdb (12 KB)
[2025-03-02 00:38:36]: Removed: KnightwardDemoMacBuild.app\Contents\Resources\Data\Managed\UnityEngine.UnityAnalyticsCommonModule.dll (18 KB)
[2025-03-02 00:38:36]: Removed: KnightwardDemoMacBuild.app\Contents\Resources\Data\Managed\UnityEngine.UnityAnalyticsCommonModule.pdb (13 KB)
[2025-03-02 00:38:36]: Removed: KnightwardDemoMacBuild.app\Contents\Resources\Data\Managed\UnityEngine.UnityAnalyticsModule.dll (13 KB)
[2025-03-02 00:38:36]: Removed: KnightwardDemoMacBuild.app\Contents\Resources\Data\Managed\UnityEngine.UnityAnalyticsModule.pdb (10 KB)
[2025-03-02 00:38:36]: Removed: KnightwardDemoMacBuild.app\Contents\Resources\Data\Managed\UnityEngine.UnityWebRequestAssetBundleModule.dll (12 KB)
[2025-03-02 00:38:36]: Removed: KnightwardDemoMacBuild.app\Contents\Resources\Data\Managed\UnityEngine.UnityWebRequestAssetBundleModule.pdb (10 KB)
[2025-03-02 00:38:36]: Removed: KnightwardDemoMacBuild.app\Contents\Resources\Data\Managed\UnityEngine.UnityWebRequestModule.dll (34 KB)
[2025-03-02 00:38:36]: Removed: KnightwardDemoMacBuild.app\Contents\Resources\Data\Managed\UnityEngine.UnityWebRequestModule.pdb (19 KB)
[2025-03-02 00:38:36]: Removed: KnightwardDemoMacBuild.app\Contents\Resources\Data\Managed\UnityEngine.UnityWebRequestWWWModule.dll (15 KB)
[2025-03-02 00:38:36]: Removed: KnightwardDemoMacBuild.app\Contents\Resources\Data\Managed\UnityEngine.UnityWebRequestWWWModule.pdb (12 KB)
[2025-03-02 00:38:36]: Removed: KnightwardDemoMacBuild.app\Contents\Resources\Data\Managed\UnityEngine.VFXModule.dll (18 KB)
[2025-03-02 00:38:36]: Removed: KnightwardDemoMacBuild.app\Contents\Resources\Data\Managed\UnityEngine.VFXModule.pdb (12 KB)
[2025-03-02 00:38:36]: Removed: KnightwardDemoMacBuild.app\Contents\Resources\Data\Managed\UnityEngine.VideoModule.dll (14 KB)
[2025-03-02 00:38:36]: Removed: KnightwardDemoMacBuild.app\Contents\Resources\Data\Managed\UnityEngine.VideoModule.pdb (10 KB)
[2025-03-02 00:38:36]: Removed: KnightwardDemoMacBuild.app\Contents\Resources\Data\Managed\UnityEngine.VRModule.dll (12 KB)
[2025-03-02 00:38:36]: Removed: KnightwardDemoMacBuild.app\Contents\Resources\Data\Managed\UnityEngine.VRModule.pdb (10 KB)
[2025-03-02 00:38:36]: Removed: KnightwardDemoMacBuild.app\Contents\Resources\Data\Managed\UnityEngine.XRModule.dll (27 KB)
[2025-03-02 00:38:36]: Removed: KnightwardDemoMacBuild.app\Contents\Resources\Data\Managed\UnityEngine.XRModule.pdb (14 KB)
[2025-03-02 00:38:36]: Removed: KnightwardDemoMacBuild.app\Contents\Resources\Data\Managed\where-allocations.dll (7 KB)
[2025-03-02 00:38:36]: Removed: KnightwardDemoMacBuild.app\Contents\Resources\Data\Managed\where-allocations.pdb (18 KB)
[2025-03-02 00:38:36]: Removed: KnightwardDemoMacBuild.app\Contents\Resources\Data\Resources (0 KB)
[2025-03-02 00:38:36]: Removed: KnightwardDemoMacBuild.app\Contents\Resources\Data\resources.assets (583 KB)
[2025-03-02 00:38:36]: Removed: KnightwardDemoMacBuild.app\Contents\Resources\Data\resources.assets.resS (362 KB)
[2025-03-02 00:38:36]: Removed: KnightwardDemoMacBuild.app\Contents\Resources\Data\Resources\unity default resources (1660 KB)
[2025-03-02 00:38:36]: Removed: KnightwardDemoMacBuild.app\Contents\Resources\Data\Resources\unity_builtin_extra (408 KB)
[2025-03-02 00:38:36]: Removed: KnightwardDemoMacBuild.app\Contents\Resources\Data\RuntimeInitializeOnLoads.json (6 KB)
[2025-03-02 00:38:36]: Removed: KnightwardDemoMacBuild.app\Contents\Resources\Data\ScriptingAssemblies.json (5 KB)
[2025-03-02 00:38:36]: Removed: KnightwardDemoMacBuild.app\Contents\Resources\Data\sharedassets0.assets (35047 KB)
[2025-03-02 00:38:36]: Removed: KnightwardDemoMacBuild.app\Contents\Resources\Data\sharedassets0.assets.resS (1301 KB)
[2025-03-02 00:38:36]: Removed: KnightwardDemoMacBuild.app\Contents\Resources\Data\sharedassets0.resource (447 KB)
[2025-03-02 00:38:36]: Removed: KnightwardDemoMacBuild.app\Contents\Resources\Data\sharedassets1.assets (16 KB)
[2025-03-02 00:38:36]: Removed: KnightwardDemoMacBuild.app\Contents\Resources\Data\sharedassets2.assets (5887 KB)
[2025-03-02 00:38:36]: Removed: KnightwardDemoMacBuild.app\Contents\Resources\Data\sharedassets2.assets.resS (666 KB)
[2025-03-02 00:38:36]: Removed: KnightwardDemoMacBuild.app\Contents\Resources\Data\sharedassets2.resource (21 KB)
[2025-03-02 00:38:36]: Removed: KnightwardDemoMacBuild.app\Contents\Resources\Data\sharedassets3.assets (1 KB)
[2025-03-02 00:38:36]: Removed: KnightwardDemoMacBuild.app\Contents\Resources\DefaultPreferences.plist (1 KB)
[2025-03-02 00:38:36]: Removed: KnightwardDemoMacBuild.app\Contents\Resources\MainMenu.nib (0 KB)
[2025-03-02 00:38:36]: Removed: KnightwardDemoMacBuild.app\Contents\Resources\MainMenu.nib\designable.nib (5 KB)
[2025-03-02 00:38:36]: Removed: KnightwardDemoMacBuild.app\Contents\Resources\MainMenu.nib\keyedobjects.nib (5 KB)
[2025-03-02 00:38:36]: Removed: KnightwardDemoMacBuild.app\Contents\Resources\PlayerIcon.icns (548 KB)
[2025-03-02 00:38:36]: Removed: KnightwardDemoMacBuild.app\Contents\Resources\PrivacyInfo.xcprivacy (1 KB)
[2025-03-02 00:38:36]: Removed: KnightwardDemoMacBuild.app\Contents\_CodeSignature (0 KB)
[2025-03-02 00:38:36]: Removed: KnightwardDemoMacBuild.app\Contents\_CodeSignature\CodeResources (60 KB)
[2025-03-02 00:38:36]: Summary: 238 files added (141.83 MB), 0 files changed (0 bytes), 243 files removed (141.58 MB)
[2025-03-02 00:38:37]: Uploading new manifest to 208.78.164.201:80 (handle 11041944973855449023, 43263 bytes).
[2025-03-02 00:38:37]: Uploading 125 out of 125 missing chunks.
[2025-03-02 00:38:41]: Success! New manifestID 5694505442741850918 created and 125 new chunks uploaded.
